<?xml version="1.0" encoding="UTF-8"?>
<testng-results ignored="0" total="1" passed="1" failed="0" skipped="0">
  <reporter-output>
  </reporter-output>
  <suite started-at="2023-06-19T14:32:20 IST" name="Default suite" finished-at="2023-06-19T14:32:40 IST" duration-ms="19391">
    <groups>
      <group name="cucumber">
        <method signature="AbstractTestNGCucumberTests.runScenario(io.cucumber.testng.PickleWrapper,io.cucumber.testng.FeatureWrapper)[pri:0, instance:cucumber.Options.TestNG_testRunner@909217e]" name="runScenario" class="io.cucumber.testng.AbstractTestNGCucumberTests"/>
      </group> <!-- cucumber -->
    </groups>
    <test started-at="2023-06-19T14:32:20 IST" name="Default test" finished-at="2023-06-19T14:32:40 IST" duration-ms="19391">
      <class name="cucumber.Options.TestNG_testRunner">
        <test-method is-config="true" signature="setUpClass(org.testng.ITestContext)[pri:0, instance:cucumber.Options.TestNG_testRunner@909217e]" started-at="2023-06-19T14:32:20 IST" name="setUpClass" finished-at="2023-06-19T14:32:21 IST" duration-ms="438" status="PASS">
          <params>
            <param index="0">
              <value>
                <![CDATA[org.testng.TestRunner@750a04ec]]>
              </value>
            </param>
          </params>
          <reporter-output>
          </reporter-output>
        </test-method> <!-- setUpClass -->
        <test-method signature="runScenario(io.cucumber.testng.PickleWrapper,io.cucumber.testng.FeatureWrapper)[pri:0, instance:cucumber.Options.TestNG_testRunner@909217e]" started-at="2023-06-19T14:32:21 IST" name="runScenario" description="Runs Cucumber Scenarios" data-provider="scenarios" finished-at="2023-06-19T14:32:40 IST" duration-ms="18903" status="PASS">
          <params>
            <param index="0">
              <value>
                <![CDATA["User want to register sucessfully"]]>
              </value>
            </param>
            <param index="1">
              <value>
                <![CDATA["Verifying registration page taking valid details"]]>
              </value>
            </param>
          </params>
          <reporter-output>
          </reporter-output>
        </test-method> <!-- runScenario -->
        <test-method is-config="true" signature="tearDownClass()[pri:0, instance:cucumber.Options.TestNG_testRunner@909217e]" started-at="2023-06-19T14:32:40 IST" name="tearDownClass" finished-at="2023-06-19T14:32:40 IST" duration-ms="2" status="PASS">
          <reporter-output>
          </reporter-output>
        </test-method> <!-- tearDownClass -->
      </class> <!-- cucumber.Options.TestNG_testRunner -->
    </test> <!-- Default test -->
  </suite> <!-- Default suite -->
</testng-results>
